# JRE version: OpenJDK Runtime Environment Temurin-17.0.13+11 (17.0.13+11) (build 17.0.13+11)
# Java VM: OpenJDK 64-Bit Server VM Temurin-17.0.13+11 (17.0.13+11, mixed mode, tiered, compressed oops, compressed class ptrs, parallel gc, windows-amd64)
GC Precious Log:
 CPUs: 8 total, 8 available
 Memory: 8013M
 Large Page Support: Disabled
 NUMA Support: Disabled
 Compressed Oops: Enabled (32-bit)
 Alignments: Space 512K, Generation 512K, Heap 2M
 Heap Min Capacity: 100M
 Heap Initial Capacity: 100M
 Heap Max Capacity: 1G
 Pre-touch: Disabled
 Parallel Workers: 8
Heap:
 PSYoungGen      total 16384K, used 11287K [0x00000000eab00000, 0x00000000ec100000, 0x0000000100000000)
  eden space 12288K, 58% used [0x00000000eab00000,0x00000000eb2076e0,0x00000000eb700000)
  from space 4096K, 99% used [0x00000000eb700000,0x00000000ebafe8a8,0x00000000ebb00000)
  to   space 5120K, 0% used [0x00000000ebc00000,0x00000000ebc00000,0x00000000ec100000)
 ParOldGen       total 125952K, used 95982K [0x00000000c0000000, 0x00000000c7b00000, 0x00000000eab00000)
  object space 125952K, 76% used [0x00000000c0000000,0x00000000c5dbbb00,0x00000000c7b00000)
 Metaspace       used 73023K, committed 74176K, reserved 1179648K
  class space    used 7812K, committed 8320K, reserved 1048576K
GC Heap History (20 events):
Event: 29.006 GC heap before
{Heap before GC invocations=89 (full 5):
 PSYoungGen      total 15360K, used 15334K [0x00000000eab00000, 0x00000000ebd80000, 0x0000000100000000)
  eden space 12800K, 99% used [0x00000000eab00000,0x00000000eb77d6b8,0x00000000eb780000)
  from space 2560K, 99% used [0x00000000eb780000,0x00000000eb9fc490,0x00000000eba00000)
  to   space 3072K, 0% used [0x00000000eba80000,0x00000000eba80000,0x00000000ebd80000)
 ParOldGen       total 125952K, used 92624K [0x00000000c0000000, 0x00000000c7b00000, 0x00000000eab00000)
  object space 125952K, 73% used [0x00000000c0000000,0x00000000c5a741b0,0x00000000c7b00000)
 Metaspace       used 72180K, committed 73408K, reserved 1179648K
  class space    used 7775K, committed 8320K, reserved 1048576K
}
Event: 29.009 GC heap after
{Heap after GC invocations=89 (full 5):
 PSYoungGen      total 15360K, used 3060K [0x00000000eab00000, 0x00000000ebe80000, 0x0000000100000000)
  eden space 12288K, 0% used [0x00000000eab00000,0x00000000eab00000,0x00000000eb700000)
  from space 3072K, 99% used [0x00000000eba80000,0x00000000ebd7d348,0x00000000ebd80000)
  to   space 3584K, 0% used [0x00000000eb700000,0x00000000eb700000,0x00000000eba80000)
 ParOldGen       total 125952K, used 92995K [0x00000000c0000000, 0x00000000c7b00000, 0x00000000eab00000)
  object space 125952K, 73% used [0x00000000c0000000,0x00000000c5ad0f20,0x00000000c7b00000)
 Metaspace       used 72180K, committed 73408K, reserved 1179648K
  class space    used 7775K, committed 8320K, reserved 1048576K
}
Event: 29.929 GC heap before
{Heap before GC invocations=90 (full 5):
 PSYoungGen      total 15360K, used 15348K [0x00000000eab00000, 0x00000000ebe80000, 0x0000000100000000)
  eden space 12288K, 100% used [0x00000000eab00000,0x00000000eb700000,0x00000000eb700000)
  from space 3072K, 99% used [0x00000000eba80000,0x00000000ebd7d348,0x00000000ebd80000)
  to   space 3584K, 0% used [0x00000000eb700000,0x00000000eb700000,0x00000000eba80000)
 ParOldGen       total 125952K, used 92995K [0x00000000c0000000, 0x00000000c7b00000, 0x00000000eab00000)
  object space 125952K, 73% used [0x00000000c0000000,0x00000000c5ad0f20,0x00000000c7b00000)
 Metaspace       used 72286K, committed 73472K, reserved 1179648K
  class space    used 7775K, committed 8320K, reserved 1048576K
}
Event: 29.932 GC heap after
{Heap after GC invocations=90 (full 5):
 PSYoungGen      total 15872K, used 3532K [0x00000000eab00000, 0x00000000ebf00000, 0x0000000100000000)
  eden space 12288K, 0% used [0x00000000eab00000,0x00000000eab00000,0x00000000eb700000)
  from space 3584K, 98% used [0x00000000eb700000,0x00000000eba73040,0x00000000eba80000)
  to   space 4096K, 0% used [0x00000000ebb00000,0x00000000ebb00000,0x00000000ebf00000)
 ParOldGen       total 125952K, used 93461K [0x00000000c0000000, 0x00000000c7b00000, 0x00000000eab00000)
  object space 125952K, 74% used [0x00000000c0000000,0x00000000c5b45560,0x00000000c7b00000)
 Metaspace       used 72286K, committed 73472K, reserved 1179648K
  class space    used 7775K, committed 8320K, reserved 1048576K
}
Event: 30.130 GC heap before
{Heap before GC invocations=91 (full 5):
 PSYoungGen      total 15872K, used 15820K [0x00000000eab00000, 0x00000000ebf00000, 0x0000000100000000)
  eden space 12288K, 100% used [0x00000000eab00000,0x00000000eb700000,0x00000000eb700000)
  from space 3584K, 98% used [0x00000000eb700000,0x00000000eba73040,0x00000000eba80000)
  to   space 4096K, 0% used [0x00000000ebb00000,0x00000000ebb00000,0x00000000ebf00000)
 ParOldGen       total 125952K, used 93461K [0x00000000c0000000, 0x00000000c7b00000, 0x00000000eab00000)
  object space 125952K, 74% used [0x00000000c0000000,0x00000000c5b45560,0x00000000c7b00000)
 Metaspace       used 72347K, committed 73536K, reserved 1179648K
  class space    used 7775K, committed 8320K, reserved 1048576K
}
Event: 30.135 GC heap after
{Heap after GC invocations=91 (full 5):
 PSYoungGen      total 16384K, used 3644K [0x00000000eab00000, 0x00000000ebf00000, 0x0000000100000000)
  eden space 12288K, 0% used [0x00000000eab00000,0x00000000eab00000,0x00000000eb700000)
  from space 4096K, 88% used [0x00000000ebb00000,0x00000000ebe8f010,0x00000000ebf00000)
  to   space 4096K, 0% used [0x00000000eb700000,0x00000000eb700000,0x00000000ebb00000)
 ParOldGen       total 125952K, used 93469K [0x00000000c0000000, 0x00000000c7b00000, 0x00000000eab00000)
  object space 125952K, 74% used [0x00000000c0000000,0x00000000c5b47560,0x00000000c7b00000)
 Metaspace       used 72347K, committed 73536K, reserved 1179648K
  class space    used 7775K, committed 8320K, reserved 1048576K
}
Event: 30.446 GC heap before
{Heap before GC invocations=92 (full 5):
 PSYoungGen      total 16384K, used 15932K [0x00000000eab00000, 0x00000000ebf00000, 0x0000000100000000)
  eden space 12288K, 100% used [0x00000000eab00000,0x00000000eb700000,0x00000000eb700000)
  from space 4096K, 88% used [0x00000000ebb00000,0x00000000ebe8f010,0x00000000ebf00000)
  to   space 4096K, 0% used [0x00000000eb700000,0x00000000eb700000,0x00000000ebb00000)
 ParOldGen       total 125952K, used 93469K [0x00000000c0000000, 0x00000000c7b00000, 0x00000000eab00000)
  object space 125952K, 74% used [0x00000000c0000000,0x00000000c5b47560,0x00000000c7b00000)
 Metaspace       used 72550K, committed 73792K, reserved 1179648K
  class space    used 7800K, committed 8320K, reserved 1048576K
}
Event: 30.454 GC heap after
{Heap after GC invocations=92 (full 5):
 PSYoungGen      total 16384K, used 4088K [0x00000000eab00000, 0x00000000ec000000, 0x0000000100000000)
  eden space 12288K, 0% used [0x00000000eab00000,0x00000000eab00000,0x00000000eb700000)
  from space 4096K, 99% used [0x00000000eb700000,0x00000000ebafe3c8,0x00000000ebb00000)
  to   space 4608K, 0% used [0x00000000ebb80000,0x00000000ebb80000,0x00000000ec000000)
 ParOldGen       total 125952K, used 93669K [0x00000000c0000000, 0x00000000c7b00000, 0x00000000eab00000)
  object space 125952K, 74% used [0x00000000c0000000,0x00000000c5b79560,0x00000000c7b00000)
 Metaspace       used 72550K, committed 73792K, reserved 1179648K
  class space    used 7800K, committed 8320K, reserved 1048576K
}
Event: 30.570 GC heap before
{Heap before GC invocations=93 (full 5):
 PSYoungGen      total 16384K, used 16376K [0x00000000eab00000, 0x00000000ec000000, 0x0000000100000000)
  eden space 12288K, 100% used [0x00000000eab00000,0x00000000eb700000,0x00000000eb700000)
  from space 4096K, 99% used [0x00000000eb700000,0x00000000ebafe3c8,0x00000000ebb00000)
  to   space 4608K, 0% used [0x00000000ebb80000,0x00000000ebb80000,0x00000000ec000000)
 ParOldGen       total 125952K, used 93669K [0x00000000c0000000, 0x00000000c7b00000, 0x00000000eab00000)
  object space 125952K, 74% used [0x00000000c0000000,0x00000000c5b79560,0x00000000c7b00000)
 Metaspace       used 72583K, committed 73792K, reserved 1179648K
  class space    used 7803K, committed 8320K, reserved 1048576K
}
Event: 30.575 GC heap after
{Heap after GC invocations=93 (full 5):
 PSYoungGen      total 16384K, used 3707K [0x00000000eab00000, 0x00000000ebf80000, 0x0000000100000000)
  eden space 12288K, 0% used [0x00000000eab00000,0x00000000eab00000,0x00000000eb700000)
  from space 4096K, 90% used [0x00000000ebb80000,0x00000000ebf1ee58,0x00000000ebf80000)
  to   space 4096K, 0% used [0x00000000eb700000,0x00000000eb700000,0x00000000ebb00000)
 ParOldGen       total 125952K, used 94564K [0x00000000c0000000, 0x00000000c7b00000, 0x00000000eab00000)
  object space 125952K, 75% used [0x00000000c0000000,0x00000000c5c59230,0x00000000c7b00000)
 Metaspace       used 72583K, committed 73792K, reserved 1179648K
  class space    used 7803K, committed 8320K, reserved 1048576K
}
Event: 30.690 GC heap before
{Heap before GC invocations=94 (full 5):
 PSYoungGen      total 16384K, used 15995K [0x00000000eab00000, 0x00000000ebf80000, 0x0000000100000000)
  eden space 12288K, 100% used [0x00000000eab00000,0x00000000eb700000,0x00000000eb700000)
  from space 4096K, 90% used [0x00000000ebb80000,0x00000000ebf1ee58,0x00000000ebf80000)
  to   space 4096K, 0% used [0x00000000eb700000,0x00000000eb700000,0x00000000ebb00000)
 ParOldGen       total 125952K, used 94564K [0x00000000c0000000, 0x00000000c7b00000, 0x00000000eab00000)
  object space 125952K, 75% used [0x00000000c0000000,0x00000000c5c59230,0x00000000c7b00000)
 Metaspace       used 72592K, committed 73792K, reserved 1179648K
  class space    used 7803K, committed 8320K, reserved 1048576K
}
Event: 30.693 GC heap after
{Heap after GC invocations=94 (full 5):
 PSYoungGen      total 16384K, used 4078K [0x00000000eab00000, 0x00000000ec000000, 0x0000000100000000)
  eden space 12288K, 0% used [0x00000000eab00000,0x00000000eab00000,0x00000000eb700000)
  from space 4096K, 99% used [0x00000000eb700000,0x00000000ebafbbb0,0x00000000ebb00000)
  to   space 4608K, 0% used [0x00000000ebb80000,0x00000000ebb80000,0x00000000ec000000)
 ParOldGen       total 125952K, used 94596K [0x00000000c0000000, 0x00000000c7b00000, 0x00000000eab00000)
  object space 125952K, 75% used [0x00000000c0000000,0x00000000c5c61230,0x00000000c7b00000)
 Metaspace       used 72592K, committed 73792K, reserved 1179648K
  class space    used 7803K, committed 8320K, reserved 1048576K
}
Event: 31.157 GC heap before
{Heap before GC invocations=95 (full 5):
 PSYoungGen      total 16384K, used 16366K [0x00000000eab00000, 0x00000000ec000000, 0x0000000100000000)
  eden space 12288K, 100% used [0x00000000eab00000,0x00000000eb700000,0x00000000eb700000)
  from space 4096K, 99% used [0x00000000eb700000,0x00000000ebafbbb0,0x00000000ebb00000)
  to   space 4608K, 0% used [0x00000000ebb80000,0x00000000ebb80000,0x00000000ec000000)
 ParOldGen       total 125952K, used 94596K [0x00000000c0000000, 0x00000000c7b00000, 0x00000000eab00000)
  object space 125952K, 75% used [0x00000000c0000000,0x00000000c5c61230,0x00000000c7b00000)
 Metaspace       used 72747K, committed 73920K, reserved 1179648K
  class space    used 7812K, committed 8320K, reserved 1048576K
}
Event: 31.161 GC heap after
{Heap after GC invocations=95 (full 5):
 PSYoungGen      total 16384K, used 3998K [0x00000000eab00000, 0x00000000ebf80000, 0x0000000100000000)
  eden space 12288K, 0% used [0x00000000eab00000,0x00000000eab00000,0x00000000eb700000)
  from space 4096K, 97% used [0x00000000ebb80000,0x00000000ebf67898,0x00000000ebf80000)
  to   space 4096K, 0% used [0x00000000eb700000,0x00000000eb700000,0x00000000ebb00000)
 ParOldGen       total 125952K, used 94820K [0x00000000c0000000, 0x00000000c7b00000, 0x00000000eab00000)
  object space 125952K, 75% used [0x00000000c0000000,0x00000000c5c99230,0x00000000c7b00000)
 Metaspace       used 72747K, committed 73920K, reserved 1179648K
  class space    used 7812K, committed 8320K, reserved 1048576K
}
Event: 31.245 GC heap before
{Heap before GC invocations=96 (full 5):
 PSYoungGen      total 16384K, used 16286K [0x00000000eab00000, 0x00000000ebf80000, 0x0000000100000000)
  eden space 12288K, 100% used [0x00000000eab00000,0x00000000eb700000,0x00000000eb700000)
  from space 4096K, 97% used [0x00000000ebb80000,0x00000000ebf67898,0x00000000ebf80000)
  to   space 4096K, 0% used [0x00000000eb700000,0x00000000eb700000,0x00000000ebb00000)
 ParOldGen       total 125952K, used 94820K [0x00000000c0000000, 0x00000000c7b00000, 0x00000000eab00000)
  object space 125952K, 75% used [0x00000000c0000000,0x00000000c5c99230,0x00000000c7b00000)
 Metaspace       used 72760K, committed 73920K, reserved 1179648K
  class space    used 7812K, committed 8320K, reserved 1048576K
}
Event: 31.248 GC heap after
{Heap after GC invocations=96 (full 5):
 PSYoungGen      total 16384K, used 4094K [0x00000000eab00000, 0x00000000ec000000, 0x0000000100000000)
  eden space 12288K, 0% used [0x00000000eab00000,0x00000000eab00000,0x00000000eb700000)
  from space 4096K, 99% used [0x00000000eb700000,0x00000000ebaff898,0x00000000ebb00000)
  to   space 4608K, 0% used [0x00000000ebb80000,0x00000000ebb80000,0x00000000ec000000)
 ParOldGen       total 125952K, used 94852K [0x00000000c0000000, 0x00000000c7b00000, 0x00000000eab00000)
  object space 125952K, 75% used [0x00000000c0000000,0x00000000c5ca1230,0x00000000c7b00000)
 Metaspace       used 72760K, committed 73920K, reserved 1179648K
  class space    used 7812K, committed 8320K, reserved 1048576K
}
Event: 31.899 GC heap before
{Heap before GC invocations=97 (full 5):
 PSYoungGen      total 16384K, used 16372K [0x00000000eab00000, 0x00000000ec000000, 0x0000000100000000)
  eden space 12288K, 99% used [0x00000000eab00000,0x00000000eb6fd7b8,0x00000000eb700000)
  from space 4096K, 99% used [0x00000000eb700000,0x00000000ebaff898,0x00000000ebb00000)
  to   space 4608K, 0% used [0x00000000ebb80000,0x00000000ebb80000,0x00000000ec000000)
 ParOldGen       total 125952K, used 94852K [0x00000000c0000000, 0x00000000c7b00000, 0x00000000eab00000)
  object space 125952K, 75% used [0x00000000c0000000,0x00000000c5ca1230,0x00000000c7b00000)
 Metaspace       used 72801K, committed 73920K, reserved 1179648K
  class space    used 7812K, committed 8320K, reserved 1048576K
}
Event: 31.903 GC heap after
{Heap after GC invocations=97 (full 5):
 PSYoungGen      total 16384K, used 4063K [0x00000000eab00000, 0x00000000ebf80000, 0x0000000100000000)
  eden space 12288K, 0% used [0x00000000eab00000,0x00000000eab00000,0x00000000eb700000)
  from space 4096K, 99% used [0x00000000ebb80000,0x00000000ebf77f40,0x00000000ebf80000)
  to   space 4096K, 0% used [0x00000000eb700000,0x00000000eb700000,0x00000000ebb00000)
 ParOldGen       total 125952K, used 95190K [0x00000000c0000000, 0x00000000c7b00000, 0x00000000eab00000)
  object space 125952K, 75% used [0x00000000c0000000,0x00000000c5cf5b00,0x00000000c7b00000)
 Metaspace       used 72801K, committed 73920K, reserved 1179648K
  class space    used 7812K, committed 8320K, reserved 1048576K
}
Event: 32.780 GC heap before
{Heap before GC invocations=98 (full 5):
 PSYoungGen      total 16384K, used 16339K [0x00000000eab00000, 0x00000000ebf80000, 0x0000000100000000)
  eden space 12288K, 99% used [0x00000000eab00000,0x00000000eb6fcff8,0x00000000eb700000)
  from space 4096K, 99% used [0x00000000ebb80000,0x00000000ebf77f40,0x00000000ebf80000)
  to   space 4096K, 0% used [0x00000000eb700000,0x00000000eb700000,0x00000000ebb00000)
 ParOldGen       total 125952K, used 95190K [0x00000000c0000000, 0x00000000c7b00000, 0x00000000eab00000)
  object space 125952K, 75% used [0x00000000c0000000,0x00000000c5cf5b00,0x00000000c7b00000)
 Metaspace       used 72915K, committed 74112K, reserved 1179648K
  class space    used 7812K, committed 8320K, reserved 1048576K
}
Event: 32.785 GC heap after
{Heap after GC invocations=98 (full 5):
 PSYoungGen      total 16384K, used 4090K [0x00000000eab00000, 0x00000000ec100000, 0x0000000100000000)
  eden space 12288K, 0% used [0x00000000eab00000,0x00000000eab00000,0x00000000eb700000)
  from space 4096K, 99% used [0x00000000eb700000,0x00000000ebafe8a8,0x00000000ebb00000)
  to   space 5120K, 0% used [0x00000000ebc00000,0x00000000ebc00000,0x00000000ec100000)
 ParOldGen       total 125952K, used 95982K [0x00000000c0000000, 0x00000000c7b00000, 0x00000000eab00000)
  object space 125952K, 76% used [0x00000000c0000000,0x00000000c5dbbb00,0x00000000c7b00000)
 Metaspace       used 72915K, committed 74112K, reserved 1179648K
  class space    used 7812K, committed 8320K, reserved 1048576K
}

