# JRE version: OpenJDK Runtime Environment Temurin-17.0.13+11 (17.0.13+11) (build 17.0.13+11)
# Java VM: OpenJDK 64-Bit Server VM Temurin-17.0.13+11 (17.0.13+11, mixed mode, tiered, compressed oops, compressed class ptrs, parallel gc, windows-amd64)
GC Precious Log:
 CPUs: 8 total, 8 available
 Memory: 8013M
 Large Page Support: Disabled
 NUMA Support: Disabled
 Compressed Oops: Enabled (32-bit)
 Alignments: Space 512K, Generation 512K, Heap 2M
 Heap Min Capacity: 100M
 Heap Initial Capacity: 100M
 Heap Max Capacity: 1G
 Pre-touch: Disabled
 Parallel Workers: 8
Heap:
 PSYoungGen      total 19456K, used 19434K [0x00000000eab00000, 0x00000000ec600000, 0x0000000100000000)
  eden space 15872K, 100% used [0x00000000eab00000,0x00000000eba80000,0x00000000eba80000)
  from space 3584K, 99% used [0x00000000ebf80000,0x00000000ec2fabb8,0x00000000ec300000)
  to   space 5120K, 0% used [0x00000000eba80000,0x00000000eba80000,0x00000000ebf80000)
 ParOldGen       total 128000K, used 127720K [0x00000000c0000000, 0x00000000c7d00000, 0x00000000eab00000)
  object space 128000K, 99% used [0x00000000c0000000,0x00000000c7cba038,0x00000000c7d00000)
 Metaspace       used 79690K, committed 81216K, reserved 1179648K
  class space    used 8303K, committed 8960K, reserved 1048576K
GC Heap History (20 events):
Event: 2178.021 GC heap after
{Heap after GC invocations=178 (full 5):
 PSYoungGen      total 21504K, used 3953K [0x00000000eab00000, 0x00000000ec400000, 0x0000000100000000)
  eden space 17408K, 0% used [0x00000000eab00000,0x00000000eab00000,0x00000000ebc00000)
  from space 4096K, 96% used [0x00000000ebc00000,0x00000000ebfdc668,0x00000000ec000000)
  to   space 4096K, 0% used [0x00000000ec000000,0x00000000ec000000,0x00000000ec400000)
 ParOldGen       total 127488K, used 124118K [0x00000000c0000000, 0x00000000c7c80000, 0x00000000eab00000)
  object space 127488K, 97% used [0x00000000c0000000,0x00000000c7935ae0,0x00000000c7c80000)
 Metaspace       used 79450K, committed 81024K, reserved 1179648K
  class space    used 8291K, committed 8960K, reserved 1048576K
}
Event: 2178.046 GC heap before
{Heap before GC invocations=179 (full 5):
 PSYoungGen      total 21504K, used 21361K [0x00000000eab00000, 0x00000000ec400000, 0x0000000100000000)
  eden space 17408K, 100% used [0x00000000eab00000,0x00000000ebc00000,0x00000000ebc00000)
  from space 4096K, 96% used [0x00000000ebc00000,0x00000000ebfdc668,0x00000000ec000000)
  to   space 4096K, 0% used [0x00000000ec000000,0x00000000ec000000,0x00000000ec400000)
 ParOldGen       total 127488K, used 124118K [0x00000000c0000000, 0x00000000c7c80000, 0x00000000eab00000)
  object space 127488K, 97% used [0x00000000c0000000,0x00000000c7935ae0,0x00000000c7c80000)
 Metaspace       used 79450K, committed 81024K, reserved 1179648K
  class space    used 8291K, committed 8960K, reserved 1048576K
}
Event: 2178.047 GC heap after
{Heap after GC invocations=179 (full 5):
 PSYoungGen      total 21504K, used 3937K [0x00000000eab00000, 0x00000000ec400000, 0x0000000100000000)
  eden space 17408K, 0% used [0x00000000eab00000,0x00000000eab00000,0x00000000ebc00000)
  from space 4096K, 96% used [0x00000000ec000000,0x00000000ec3d84f0,0x00000000ec400000)
  to   space 4096K, 0% used [0x00000000ebc00000,0x00000000ebc00000,0x00000000ec000000)
 ParOldGen       total 127488K, used 124118K [0x00000000c0000000, 0x00000000c7c80000, 0x00000000eab00000)
  object space 127488K, 97% used [0x00000000c0000000,0x00000000c7935ae0,0x00000000c7c80000)
 Metaspace       used 79450K, committed 81024K, reserved 1179648K
  class space    used 8291K, committed 8960K, reserved 1048576K
}
Event: 2178.067 GC heap before
{Heap before GC invocations=180 (full 5):
 PSYoungGen      total 21504K, used 21345K [0x00000000eab00000, 0x00000000ec400000, 0x0000000100000000)
  eden space 17408K, 100% used [0x00000000eab00000,0x00000000ebc00000,0x00000000ebc00000)
  from space 4096K, 96% used [0x00000000ec000000,0x00000000ec3d84f0,0x00000000ec400000)
  to   space 4096K, 0% used [0x00000000ebc00000,0x00000000ebc00000,0x00000000ec000000)
 ParOldGen       total 127488K, used 124118K [0x00000000c0000000, 0x00000000c7c80000, 0x00000000eab00000)
  object space 127488K, 97% used [0x00000000c0000000,0x00000000c7935ae0,0x00000000c7c80000)
 Metaspace       used 79450K, committed 81024K, reserved 1179648K
  class space    used 8291K, committed 8960K, reserved 1048576K
}
Event: 2178.068 GC heap after
{Heap after GC invocations=180 (full 5):
 PSYoungGen      total 21504K, used 3928K [0x00000000eab00000, 0x00000000ec400000, 0x0000000100000000)
  eden space 17408K, 0% used [0x00000000eab00000,0x00000000eab00000,0x00000000ebc00000)
  from space 4096K, 95% used [0x00000000ebc00000,0x00000000ebfd6380,0x00000000ec000000)
  to   space 4096K, 0% used [0x00000000ec000000,0x00000000ec000000,0x00000000ec400000)
 ParOldGen       total 127488K, used 124242K [0x00000000c0000000, 0x00000000c7c80000, 0x00000000eab00000)
  object space 127488K, 97% used [0x00000000c0000000,0x00000000c7954888,0x00000000c7c80000)
 Metaspace       used 79450K, committed 81024K, reserved 1179648K
  class space    used 8291K, committed 8960K, reserved 1048576K
}
Event: 2178.130 GC heap before
{Heap before GC invocations=181 (full 5):
 PSYoungGen      total 21504K, used 21336K [0x00000000eab00000, 0x00000000ec400000, 0x0000000100000000)
  eden space 17408K, 100% used [0x00000000eab00000,0x00000000ebc00000,0x00000000ebc00000)
  from space 4096K, 95% used [0x00000000ebc00000,0x00000000ebfd6380,0x00000000ec000000)
  to   space 4096K, 0% used [0x00000000ec000000,0x00000000ec000000,0x00000000ec400000)
 ParOldGen       total 127488K, used 124242K [0x00000000c0000000, 0x00000000c7c80000, 0x00000000eab00000)
  object space 127488K, 97% used [0x00000000c0000000,0x00000000c7954888,0x00000000c7c80000)
 Metaspace       used 79450K, committed 81024K, reserved 1179648K
  class space    used 8291K, committed 8960K, reserved 1048576K
}
Event: 2178.131 GC heap after
{Heap after GC invocations=181 (full 5):
 PSYoungGen      total 20992K, used 3325K [0x00000000eab00000, 0x00000000ec380000, 0x0000000100000000)
  eden space 17408K, 0% used [0x00000000eab00000,0x00000000eab00000,0x00000000ebc00000)
  from space 3584K, 92% used [0x00000000ec000000,0x00000000ec33f6e0,0x00000000ec380000)
  to   space 3584K, 0% used [0x00000000ebc80000,0x00000000ebc80000,0x00000000ec000000)
 ParOldGen       total 127488K, used 125009K [0x00000000c0000000, 0x00000000c7c80000, 0x00000000eab00000)
  object space 127488K, 98% used [0x00000000c0000000,0x00000000c7a146f8,0x00000000c7c80000)
 Metaspace       used 79450K, committed 81024K, reserved 1179648K
  class space    used 8291K, committed 8960K, reserved 1048576K
}
Event: 2178.726 GC heap before
{Heap before GC invocations=182 (full 5):
 PSYoungGen      total 20992K, used 20733K [0x00000000eab00000, 0x00000000ec380000, 0x0000000100000000)
  eden space 17408K, 100% used [0x00000000eab00000,0x00000000ebc00000,0x00000000ebc00000)
  from space 3584K, 92% used [0x00000000ec000000,0x00000000ec33f6e0,0x00000000ec380000)
  to   space 3584K, 0% used [0x00000000ebc80000,0x00000000ebc80000,0x00000000ec000000)
 ParOldGen       total 127488K, used 125009K [0x00000000c0000000, 0x00000000c7c80000, 0x00000000eab00000)
  object space 127488K, 98% used [0x00000000c0000000,0x00000000c7a146f8,0x00000000c7c80000)
 Metaspace       used 79450K, committed 81024K, reserved 1179648K
  class space    used 8291K, committed 8960K, reserved 1048576K
}
Event: 2178.728 GC heap after
{Heap after GC invocations=182 (full 5):
 PSYoungGen      total 20992K, used 3572K [0x00000000eab00000, 0x00000000ec400000, 0x0000000100000000)
  eden space 17408K, 0% used [0x00000000eab00000,0x00000000eab00000,0x00000000ebc00000)
  from space 3584K, 99% used [0x00000000ebc80000,0x00000000ebffd378,0x00000000ec000000)
  to   space 4096K, 0% used [0x00000000ec000000,0x00000000ec000000,0x00000000ec400000)
 ParOldGen       total 127488K, used 125284K [0x00000000c0000000, 0x00000000c7c80000, 0x00000000eab00000)
  object space 127488K, 98% used [0x00000000c0000000,0x00000000c7a592d8,0x00000000c7c80000)
 Metaspace       used 79450K, committed 81024K, reserved 1179648K
  class space    used 8291K, committed 8960K, reserved 1048576K
}
Event: 2178.782 GC heap before
{Heap before GC invocations=183 (full 5):
 PSYoungGen      total 20992K, used 20980K [0x00000000eab00000, 0x00000000ec400000, 0x0000000100000000)
  eden space 17408K, 100% used [0x00000000eab00000,0x00000000ebc00000,0x00000000ebc00000)
  from space 3584K, 99% used [0x00000000ebc80000,0x00000000ebffd378,0x00000000ec000000)
  to   space 4096K, 0% used [0x00000000ec000000,0x00000000ec000000,0x00000000ec400000)
 ParOldGen       total 127488K, used 125284K [0x00000000c0000000, 0x00000000c7c80000, 0x00000000eab00000)
  object space 127488K, 98% used [0x00000000c0000000,0x00000000c7a592d8,0x00000000c7c80000)
 Metaspace       used 79450K, committed 81024K, reserved 1179648K
  class space    used 8291K, committed 8960K, reserved 1048576K
}
Event: 2178.783 GC heap after
{Heap after GC invocations=183 (full 5):
 PSYoungGen      total 20992K, used 3258K [0x00000000eab00000, 0x00000000ec380000, 0x0000000100000000)
  eden space 17408K, 0% used [0x00000000eab00000,0x00000000eab00000,0x00000000ebc00000)
  from space 3584K, 90% used [0x00000000ec000000,0x00000000ec32e818,0x00000000ec380000)
  to   space 3584K, 0% used [0x00000000ebc80000,0x00000000ebc80000,0x00000000ec000000)
 ParOldGen       total 127488K, used 126021K [0x00000000c0000000, 0x00000000c7c80000, 0x00000000eab00000)
  object space 127488K, 98% used [0x00000000c0000000,0x00000000c7b11778,0x00000000c7c80000)
 Metaspace       used 79450K, committed 81024K, reserved 1179648K
  class space    used 8291K, committed 8960K, reserved 1048576K
}
Event: 2179.524 GC heap before
{Heap before GC invocations=184 (full 5):
 PSYoungGen      total 20992K, used 20666K [0x00000000eab00000, 0x00000000ec380000, 0x0000000100000000)
  eden space 17408K, 100% used [0x00000000eab00000,0x00000000ebc00000,0x00000000ebc00000)
  from space 3584K, 90% used [0x00000000ec000000,0x00000000ec32e818,0x00000000ec380000)
  to   space 3584K, 0% used [0x00000000ebc80000,0x00000000ebc80000,0x00000000ec000000)
 ParOldGen       total 127488K, used 126021K [0x00000000c0000000, 0x00000000c7c80000, 0x00000000eab00000)
  object space 127488K, 98% used [0x00000000c0000000,0x00000000c7b11778,0x00000000c7c80000)
 Metaspace       used 79450K, committed 81024K, reserved 1179648K
  class space    used 8291K, committed 8960K, reserved 1048576K
}
Event: 2179.526 GC heap after
{Heap after GC invocations=184 (full 5):
 PSYoungGen      total 20992K, used 3347K [0x00000000eab00000, 0x00000000ec300000, 0x0000000100000000)
  eden space 17408K, 0% used [0x00000000eab00000,0x00000000eab00000,0x00000000ebc00000)
  from space 3584K, 93% used [0x00000000ebc80000,0x00000000ebfc4c18,0x00000000ec000000)
  to   space 3072K, 0% used [0x00000000ec000000,0x00000000ec000000,0x00000000ec300000)
 ParOldGen       total 127488K, used 126021K [0x00000000c0000000, 0x00000000c7c80000, 0x00000000eab00000)
  object space 127488K, 98% used [0x00000000c0000000,0x00000000c7b11778,0x00000000c7c80000)
 Metaspace       used 79450K, committed 81024K, reserved 1179648K
  class space    used 8291K, committed 8960K, reserved 1048576K
}
Event: 2179.572 GC heap before
{Heap before GC invocations=185 (full 5):
 PSYoungGen      total 20992K, used 20755K [0x00000000eab00000, 0x00000000ec300000, 0x0000000100000000)
  eden space 17408K, 100% used [0x00000000eab00000,0x00000000ebc00000,0x00000000ebc00000)
  from space 3584K, 93% used [0x00000000ebc80000,0x00000000ebfc4c18,0x00000000ec000000)
  to   space 3072K, 0% used [0x00000000ec000000,0x00000000ec000000,0x00000000ec300000)
 ParOldGen       total 127488K, used 126021K [0x00000000c0000000, 0x00000000c7c80000, 0x00000000eab00000)
  object space 127488K, 98% used [0x00000000c0000000,0x00000000c7b11778,0x00000000c7c80000)
 Metaspace       used 79450K, committed 81024K, reserved 1179648K
  class space    used 8291K, committed 8960K, reserved 1048576K
}
Event: 2179.574 GC heap after
{Heap after GC invocations=185 (full 5):
 PSYoungGen      total 20480K, used 2976K [0x00000000eab00000, 0x00000000ec300000, 0x0000000100000000)
  eden space 17408K, 0% used [0x00000000eab00000,0x00000000eab00000,0x00000000ebc00000)
  from space 3072K, 96% used [0x00000000ec000000,0x00000000ec2e8060,0x00000000ec300000)
  to   space 3584K, 0% used [0x00000000ebc00000,0x00000000ebc00000,0x00000000ebf80000)
 ParOldGen       total 127488K, used 126343K [0x00000000c0000000, 0x00000000c7c80000, 0x00000000eab00000)
  object space 127488K, 99% used [0x00000000c0000000,0x00000000c7b61ec0,0x00000000c7c80000)
 Metaspace       used 79450K, committed 81024K, reserved 1179648K
  class space    used 8291K, committed 8960K, reserved 1048576K
}
Event: 2179.626 GC heap before
{Heap before GC invocations=186 (full 5):
 PSYoungGen      total 20480K, used 20384K [0x00000000eab00000, 0x00000000ec300000, 0x0000000100000000)
  eden space 17408K, 100% used [0x00000000eab00000,0x00000000ebc00000,0x00000000ebc00000)
  from space 3072K, 96% used [0x00000000ec000000,0x00000000ec2e8060,0x00000000ec300000)
  to   space 3584K, 0% used [0x00000000ebc00000,0x00000000ebc00000,0x00000000ebf80000)
 ParOldGen       total 127488K, used 126343K [0x00000000c0000000, 0x00000000c7c80000, 0x00000000eab00000)
  object space 127488K, 99% used [0x00000000c0000000,0x00000000c7b61ec0,0x00000000c7c80000)
 Metaspace       used 79450K, committed 81024K, reserved 1179648K
  class space    used 8291K, committed 8960K, reserved 1048576K
}
Event: 2179.627 GC heap after
{Heap after GC invocations=186 (full 5):
 PSYoungGen      total 20992K, used 3072K [0x00000000eab00000, 0x00000000ec300000, 0x0000000100000000)
  eden space 17408K, 0% used [0x00000000eab00000,0x00000000eab00000,0x00000000ebc00000)
  from space 3584K, 85% used [0x00000000ebc00000,0x00000000ebf00228,0x00000000ebf80000)
  to   space 3584K, 0% used [0x00000000ebf80000,0x00000000ebf80000,0x00000000ec300000)
 ParOldGen       total 127488K, used 126576K [0x00000000c0000000, 0x00000000c7c80000, 0x00000000eab00000)
  object space 127488K, 99% used [0x00000000c0000000,0x00000000c7b9c3b8,0x00000000c7c80000)
 Metaspace       used 79450K, committed 81024K, reserved 1179648K
  class space    used 8291K, committed 8960K, reserved 1048576K
}
Event: 2179.727 GC heap before
{Heap before GC invocations=187 (full 5):
 PSYoungGen      total 20992K, used 20480K [0x00000000eab00000, 0x00000000ec300000, 0x0000000100000000)
  eden space 17408K, 100% used [0x00000000eab00000,0x00000000ebc00000,0x00000000ebc00000)
  from space 3584K, 85% used [0x00000000ebc00000,0x00000000ebf00228,0x00000000ebf80000)
  to   space 3584K, 0% used [0x00000000ebf80000,0x00000000ebf80000,0x00000000ec300000)
 ParOldGen       total 127488K, used 126576K [0x00000000c0000000, 0x00000000c7c80000, 0x00000000eab00000)
  object space 127488K, 99% used [0x00000000c0000000,0x00000000c7b9c3b8,0x00000000c7c80000)
 Metaspace       used 79574K, committed 81152K, reserved 1179648K
  class space    used 8297K, committed 8960K, reserved 1048576K
}
Event: 2179.730 GC heap after
{Heap after GC invocations=187 (full 5):
 PSYoungGen      total 19456K, used 3562K [0x00000000eab00000, 0x00000000ec600000, 0x0000000100000000)
  eden space 15872K, 0% used [0x00000000eab00000,0x00000000eab00000,0x00000000eba80000)
  from space 3584K, 99% used [0x00000000ebf80000,0x00000000ec2fabb8,0x00000000ec300000)
  to   space 5120K, 0% used [0x00000000eba80000,0x00000000eba80000,0x00000000ebf80000)
 ParOldGen       total 128000K, used 127720K [0x00000000c0000000, 0x00000000c7d00000, 0x00000000eab00000)
  object space 128000K, 99% used [0x00000000c0000000,0x00000000c7cba038,0x00000000c7d00000)
 Metaspace       used 79574K, committed 81152K, reserved 1179648K
  class space    used 8297K, committed 8960K, reserved 1048576K
}
Event: 2179.828 GC heap before
{Heap before GC invocations=188 (full 6):
 PSYoungGen      total 19456K, used 19434K [0x00000000eab00000, 0x00000000ec600000, 0x0000000100000000)
  eden space 15872K, 100% used [0x00000000eab00000,0x00000000eba80000,0x00000000eba80000)
  from space 3584K, 99% used [0x00000000ebf80000,0x00000000ec2fabb8,0x00000000ec300000)
  to   space 5120K, 0% used [0x00000000eba80000,0x00000000eba80000,0x00000000ebf80000)
 ParOldGen       total 128000K, used 127720K [0x00000000c0000000, 0x00000000c7d00000, 0x00000000eab00000)
  object space 128000K, 99% used [0x00000000c0000000,0x00000000c7cba038,0x00000000c7d00000)
 Metaspace       used 79690K, committed 81216K, reserved 1179648K
  class space    used 8303K, committed 8960K, reserved 1048576K
}

