# JRE version: OpenJDK Runtime Environment Temurin-17.0.13+11 (17.0.13+11) (build 17.0.13+11)
# Java VM: OpenJDK 64-Bit Server VM Temurin-17.0.13+11 (17.0.13+11, mixed mode, tiered, compressed oops, compressed class ptrs, parallel gc, windows-amd64)
GC Precious Log:
 CPUs: 8 total, 8 available
 Memory: 8013M
 Large Page Support: Disabled
 NUMA Support: Disabled
 Compressed Oops: Enabled (32-bit)
 Alignments: Space 512K, Generation 512K, Heap 2M
 Heap Min Capacity: 100M
 Heap Initial Capacity: 100M
 Heap Max Capacity: 1G
 Pre-touch: Disabled
 Parallel Workers: 8
Heap:
 PSYoungGen      total 7680K, used 7102K [0x00000000eab00000, 0x00000000eb780000, 0x0000000100000000)
  eden space 7168K, 95% used [0x00000000eab00000,0x00000000eb1afa88,0x00000000eb200000)
  from space 512K, 50% used [0x00000000eb700000,0x00000000eb740000,0x00000000eb780000)
  to   space 512K, 0% used [0x00000000eb680000,0x00000000eb680000,0x00000000eb700000)
 ParOldGen       total 171520K, used 130652K [0x00000000c0000000, 0x00000000ca780000, 0x00000000eab00000)
  object space 171520K, 76% used [0x00000000c0000000,0x00000000c7f97048,0x00000000ca780000)
 Metaspace       used 93989K, committed 95680K, reserved 1179648K
  class space    used 9732K, committed 10560K, reserved 1048576K
GC Heap History (20 events):
Event: 2198.162 GC heap before
{Heap before GC invocations=1976 (full 34):
 PSYoungGen      total 7680K, used 7506K [0x00000000eab00000, 0x00000000eb780000, 0x0000000100000000)
  eden space 7168K, 100% used [0x00000000eab00000,0x00000000eb200000,0x00000000eb200000)
  from space 512K, 66% used [0x00000000eb700000,0x00000000eb754998,0x00000000eb780000)
  to   space 512K, 0% used [0x00000000eb680000,0x00000000eb680000,0x00000000eb700000)
 ParOldGen       total 171520K, used 128941K [0x00000000c0000000, 0x00000000ca780000, 0x00000000eab00000)
  object space 171520K, 75% used [0x00000000c0000000,0x00000000c7deb4d8,0x00000000ca780000)
 Metaspace       used 93970K, committed 95616K, reserved 1179648K
  class space    used 9731K, committed 10560K, reserved 1048576K
}
Event: 2198.163 GC heap after
{Heap after GC invocations=1976 (full 34):
 PSYoungGen      total 7680K, used 363K [0x00000000eab00000, 0x00000000eb780000, 0x0000000100000000)
  eden space 7168K, 0% used [0x00000000eab00000,0x00000000eab00000,0x00000000eb200000)
  from space 512K, 71% used [0x00000000eb680000,0x00000000eb6dafa8,0x00000000eb700000)
  to   space 512K, 0% used [0x00000000eb700000,0x00000000eb700000,0x00000000eb780000)
 ParOldGen       total 171520K, used 129101K [0x00000000c0000000, 0x00000000ca780000, 0x00000000eab00000)
  object space 171520K, 75% used [0x00000000c0000000,0x00000000c7e134d8,0x00000000ca780000)
 Metaspace       used 93970K, committed 95616K, reserved 1179648K
  class space    used 9731K, committed 10560K, reserved 1048576K
}
Event: 2198.182 GC heap before
{Heap before GC invocations=1977 (full 34):
 PSYoungGen      total 7680K, used 7531K [0x00000000eab00000, 0x00000000eb780000, 0x0000000100000000)
  eden space 7168K, 100% used [0x00000000eab00000,0x00000000eb200000,0x00000000eb200000)
  from space 512K, 71% used [0x00000000eb680000,0x00000000eb6dafa8,0x00000000eb700000)
  to   space 512K, 0% used [0x00000000eb700000,0x00000000eb700000,0x00000000eb780000)
 ParOldGen       total 171520K, used 129101K [0x00000000c0000000, 0x00000000ca780000, 0x00000000eab00000)
  object space 171520K, 75% used [0x00000000c0000000,0x00000000c7e134d8,0x00000000ca780000)
 Metaspace       used 93970K, committed 95616K, reserved 1179648K
  class space    used 9731K, committed 10560K, reserved 1048576K
}
Event: 2198.184 GC heap after
{Heap after GC invocations=1977 (full 34):
 PSYoungGen      total 7680K, used 256K [0x00000000eab00000, 0x00000000eb780000, 0x0000000100000000)
  eden space 7168K, 0% used [0x00000000eab00000,0x00000000eab00000,0x00000000eb200000)
  from space 512K, 50% used [0x00000000eb700000,0x00000000eb740000,0x00000000eb780000)
  to   space 512K, 0% used [0x00000000eb680000,0x00000000eb680000,0x00000000eb700000)
 ParOldGen       total 171520K, used 129141K [0x00000000c0000000, 0x00000000ca780000, 0x00000000eab00000)
  object space 171520K, 75% used [0x00000000c0000000,0x00000000c7e1d4d8,0x00000000ca780000)
 Metaspace       used 93970K, committed 95616K, reserved 1179648K
  class space    used 9731K, committed 10560K, reserved 1048576K
}
Event: 2198.202 GC heap before
{Heap before GC invocations=1978 (full 34):
 PSYoungGen      total 7680K, used 7424K [0x00000000eab00000, 0x00000000eb780000, 0x0000000100000000)
  eden space 7168K, 100% used [0x00000000eab00000,0x00000000eb200000,0x00000000eb200000)
  from space 512K, 50% used [0x00000000eb700000,0x00000000eb740000,0x00000000eb780000)
  to   space 512K, 0% used [0x00000000eb680000,0x00000000eb680000,0x00000000eb700000)
 ParOldGen       total 171520K, used 129141K [0x00000000c0000000, 0x00000000ca780000, 0x00000000eab00000)
  object space 171520K, 75% used [0x00000000c0000000,0x00000000c7e1d4d8,0x00000000ca780000)
 Metaspace       used 93970K, committed 95616K, reserved 1179648K
  class space    used 9731K, committed 10560K, reserved 1048576K
}
Event: 2198.203 GC heap after
{Heap after GC invocations=1978 (full 34):
 PSYoungGen      total 7680K, used 256K [0x00000000eab00000, 0x00000000eb780000, 0x0000000100000000)
  eden space 7168K, 0% used [0x00000000eab00000,0x00000000eab00000,0x00000000eb200000)
  from space 512K, 50% used [0x00000000eb680000,0x00000000eb6c0000,0x00000000eb700000)
  to   space 512K, 0% used [0x00000000eb700000,0x00000000eb700000,0x00000000eb780000)
 ParOldGen       total 171520K, used 129189K [0x00000000c0000000, 0x00000000ca780000, 0x00000000eab00000)
  object space 171520K, 75% used [0x00000000c0000000,0x00000000c7e294d8,0x00000000ca780000)
 Metaspace       used 93970K, committed 95616K, reserved 1179648K
  class space    used 9731K, committed 10560K, reserved 1048576K
}
Event: 2198.222 GC heap before
{Heap before GC invocations=1979 (full 34):
 PSYoungGen      total 7680K, used 7424K [0x00000000eab00000, 0x00000000eb780000, 0x0000000100000000)
  eden space 7168K, 100% used [0x00000000eab00000,0x00000000eb200000,0x00000000eb200000)
  from space 512K, 50% used [0x00000000eb680000,0x00000000eb6c0000,0x00000000eb700000)
  to   space 512K, 0% used [0x00000000eb700000,0x00000000eb700000,0x00000000eb780000)
 ParOldGen       total 171520K, used 129189K [0x00000000c0000000, 0x00000000ca780000, 0x00000000eab00000)
  object space 171520K, 75% used [0x00000000c0000000,0x00000000c7e294d8,0x00000000ca780000)
 Metaspace       used 93970K, committed 95616K, reserved 1179648K
  class space    used 9731K, committed 10560K, reserved 1048576K
}
Event: 2198.223 GC heap after
{Heap after GC invocations=1979 (full 34):
 PSYoungGen      total 7680K, used 319K [0x00000000eab00000, 0x00000000eb780000, 0x0000000100000000)
  eden space 7168K, 0% used [0x00000000eab00000,0x00000000eab00000,0x00000000eb200000)
  from space 512K, 62% used [0x00000000eb700000,0x00000000eb74ffa0,0x00000000eb780000)
  to   space 512K, 0% used [0x00000000eb680000,0x00000000eb680000,0x00000000eb700000)
 ParOldGen       total 171520K, used 129229K [0x00000000c0000000, 0x00000000ca780000, 0x00000000eab00000)
  object space 171520K, 75% used [0x00000000c0000000,0x00000000c7e334d8,0x00000000ca780000)
 Metaspace       used 93970K, committed 95616K, reserved 1179648K
  class space    used 9731K, committed 10560K, reserved 1048576K
}
Event: 2198.238 GC heap before
{Heap before GC invocations=1980 (full 34):
 PSYoungGen      total 7680K, used 7487K [0x00000000eab00000, 0x00000000eb780000, 0x0000000100000000)
  eden space 7168K, 100% used [0x00000000eab00000,0x00000000eb200000,0x00000000eb200000)
  from space 512K, 62% used [0x00000000eb700000,0x00000000eb74ffa0,0x00000000eb780000)
  to   space 512K, 0% used [0x00000000eb680000,0x00000000eb680000,0x00000000eb700000)
 ParOldGen       total 171520K, used 129229K [0x00000000c0000000, 0x00000000ca780000, 0x00000000eab00000)
  object space 171520K, 75% used [0x00000000c0000000,0x00000000c7e334d8,0x00000000ca780000)
 Metaspace       used 93970K, committed 95616K, reserved 1179648K
  class space    used 9731K, committed 10560K, reserved 1048576K
}
Event: 2198.239 GC heap after
{Heap after GC invocations=1980 (full 34):
 PSYoungGen      total 7680K, used 413K [0x00000000eab00000, 0x00000000eb780000, 0x0000000100000000)
  eden space 7168K, 0% used [0x00000000eab00000,0x00000000eab00000,0x00000000eb200000)
  from space 512K, 80% used [0x00000000eb680000,0x00000000eb6e7698,0x00000000eb700000)
  to   space 512K, 0% used [0x00000000eb700000,0x00000000eb700000,0x00000000eb780000)
 ParOldGen       total 171520K, used 129261K [0x00000000c0000000, 0x00000000ca780000, 0x00000000eab00000)
  object space 171520K, 75% used [0x00000000c0000000,0x00000000c7e3b4d8,0x00000000ca780000)
 Metaspace       used 93970K, committed 95616K, reserved 1179648K
  class space    used 9731K, committed 10560K, reserved 1048576K
}
Event: 2198.253 GC heap before
{Heap before GC invocations=1981 (full 34):
 PSYoungGen      total 7680K, used 7581K [0x00000000eab00000, 0x00000000eb780000, 0x0000000100000000)
  eden space 7168K, 100% used [0x00000000eab00000,0x00000000eb200000,0x00000000eb200000)
  from space 512K, 80% used [0x00000000eb680000,0x00000000eb6e7698,0x00000000eb700000)
  to   space 512K, 0% used [0x00000000eb700000,0x00000000eb700000,0x00000000eb780000)
 ParOldGen       total 171520K, used 129261K [0x00000000c0000000, 0x00000000ca780000, 0x00000000eab00000)
  object space 171520K, 75% used [0x00000000c0000000,0x00000000c7e3b4d8,0x00000000ca780000)
 Metaspace       used 93970K, committed 95616K, reserved 1179648K
  class space    used 9731K, committed 10560K, reserved 1048576K
}
Event: 2198.255 GC heap after
{Heap after GC invocations=1981 (full 34):
 PSYoungGen      total 7680K, used 306K [0x00000000eab00000, 0x00000000eb780000, 0x0000000100000000)
  eden space 7168K, 0% used [0x00000000eab00000,0x00000000eab00000,0x00000000eb200000)
  from space 512K, 59% used [0x00000000eb700000,0x00000000eb74c8a0,0x00000000eb780000)
  to   space 512K, 0% used [0x00000000eb680000,0x00000000eb680000,0x00000000eb700000)
 ParOldGen       total 171520K, used 129309K [0x00000000c0000000, 0x00000000ca780000, 0x00000000eab00000)
  object space 171520K, 75% used [0x00000000c0000000,0x00000000c7e474d8,0x00000000ca780000)
 Metaspace       used 93970K, committed 95616K, reserved 1179648K
  class space    used 9731K, committed 10560K, reserved 1048576K
}
Event: 2198.277 GC heap before
{Heap before GC invocations=1982 (full 34):
 PSYoungGen      total 7680K, used 7474K [0x00000000eab00000, 0x00000000eb780000, 0x0000000100000000)
  eden space 7168K, 100% used [0x00000000eab00000,0x00000000eb200000,0x00000000eb200000)
  from space 512K, 59% used [0x00000000eb700000,0x00000000eb74c8a0,0x00000000eb780000)
  to   space 512K, 0% used [0x00000000eb680000,0x00000000eb680000,0x00000000eb700000)
 ParOldGen       total 171520K, used 129309K [0x00000000c0000000, 0x00000000ca780000, 0x00000000eab00000)
  object space 171520K, 75% used [0x00000000c0000000,0x00000000c7e474d8,0x00000000ca780000)
 Metaspace       used 93970K, committed 95616K, reserved 1179648K
  class space    used 9731K, committed 10560K, reserved 1048576K
}
Event: 2198.278 GC heap after
{Heap after GC invocations=1982 (full 34):
 PSYoungGen      total 7680K, used 361K [0x00000000eab00000, 0x00000000eb780000, 0x0000000100000000)
  eden space 7168K, 0% used [0x00000000eab00000,0x00000000eab00000,0x00000000eb200000)
  from space 512K, 70% used [0x00000000eb680000,0x00000000eb6da400,0x00000000eb700000)
  to   space 512K, 0% used [0x00000000eb700000,0x00000000eb700000,0x00000000eb780000)
 ParOldGen       total 171520K, used 129357K [0x00000000c0000000, 0x00000000ca780000, 0x00000000eab00000)
  object space 171520K, 75% used [0x00000000c0000000,0x00000000c7e534d8,0x00000000ca780000)
 Metaspace       used 93970K, committed 95616K, reserved 1179648K
  class space    used 9731K, committed 10560K, reserved 1048576K
}
Event: 2198.296 GC heap before
{Heap before GC invocations=1983 (full 34):
 PSYoungGen      total 7680K, used 7529K [0x00000000eab00000, 0x00000000eb780000, 0x0000000100000000)
  eden space 7168K, 100% used [0x00000000eab00000,0x00000000eb200000,0x00000000eb200000)
  from space 512K, 70% used [0x00000000eb680000,0x00000000eb6da400,0x00000000eb700000)
  to   space 512K, 0% used [0x00000000eb700000,0x00000000eb700000,0x00000000eb780000)
 ParOldGen       total 171520K, used 129357K [0x00000000c0000000, 0x00000000ca780000, 0x00000000eab00000)
  object space 171520K, 75% used [0x00000000c0000000,0x00000000c7e534d8,0x00000000ca780000)
 Metaspace       used 93970K, committed 95616K, reserved 1179648K
  class space    used 9731K, committed 10560K, reserved 1048576K
}
Event: 2198.297 GC heap after
{Heap after GC invocations=1983 (full 34):
 PSYoungGen      total 7680K, used 507K [0x00000000eab00000, 0x00000000eb780000, 0x0000000100000000)
  eden space 7168K, 0% used [0x00000000eab00000,0x00000000eab00000,0x00000000eb200000)
  from space 512K, 99% used [0x00000000eb700000,0x00000000eb77ed98,0x00000000eb780000)
  to   space 1024K, 0% used [0x00000000eb580000,0x00000000eb580000,0x00000000eb680000)
 ParOldGen       total 171520K, used 129600K [0x00000000c0000000, 0x00000000ca780000, 0x00000000eab00000)
  object space 171520K, 75% used [0x00000000c0000000,0x00000000c7e902b0,0x00000000ca780000)
 Metaspace       used 93970K, committed 95616K, reserved 1179648K
  class space    used 9731K, committed 10560K, reserved 1048576K
}
Event: 2198.315 GC heap before
{Heap before GC invocations=1984 (full 34):
 PSYoungGen      total 7680K, used 7675K [0x00000000eab00000, 0x00000000eb780000, 0x0000000100000000)
  eden space 7168K, 100% used [0x00000000eab00000,0x00000000eb200000,0x00000000eb200000)
  from space 512K, 99% used [0x00000000eb700000,0x00000000eb77ed98,0x00000000eb780000)
  to   space 1024K, 0% used [0x00000000eb580000,0x00000000eb580000,0x00000000eb680000)
 ParOldGen       total 171520K, used 129600K [0x00000000c0000000, 0x00000000ca780000, 0x00000000eab00000)
  object space 171520K, 75% used [0x00000000c0000000,0x00000000c7e902b0,0x00000000ca780000)
 Metaspace       used 93970K, committed 95616K, reserved 1179648K
  class space    used 9731K, committed 10560K, reserved 1048576K
}
Event: 2198.316 GC heap after
{Heap after GC invocations=1984 (full 34):
 PSYoungGen      total 8192K, used 224K [0x00000000eab00000, 0x00000000eb780000, 0x0000000100000000)
  eden space 7168K, 0% used [0x00000000eab00000,0x00000000eab00000,0x00000000eb200000)
  from space 1024K, 21% used [0x00000000eb580000,0x00000000eb5b8000,0x00000000eb680000)
  to   space 512K, 0% used [0x00000000eb700000,0x00000000eb700000,0x00000000eb780000)
 ParOldGen       total 171520K, used 130092K [0x00000000c0000000, 0x00000000ca780000, 0x00000000eab00000)
  object space 171520K, 75% used [0x00000000c0000000,0x00000000c7f0b048,0x00000000ca780000)
 Metaspace       used 93970K, committed 95616K, reserved 1179648K
  class space    used 9731K, committed 10560K, reserved 1048576K
}
Event: 2198.337 GC heap before
{Heap before GC invocations=1985 (full 34):
 PSYoungGen      total 8192K, used 7392K [0x00000000eab00000, 0x00000000eb780000, 0x0000000100000000)
  eden space 7168K, 100% used [0x00000000eab00000,0x00000000eb200000,0x00000000eb200000)
  from space 1024K, 21% used [0x00000000eb580000,0x00000000eb5b8000,0x00000000eb680000)
  to   space 512K, 0% used [0x00000000eb700000,0x00000000eb700000,0x00000000eb780000)
 ParOldGen       total 171520K, used 130092K [0x00000000c0000000, 0x00000000ca780000, 0x00000000eab00000)
  object space 171520K, 75% used [0x00000000c0000000,0x00000000c7f0b048,0x00000000ca780000)
 Metaspace       used 93970K, committed 95616K, reserved 1179648K
  class space    used 9731K, committed 10560K, reserved 1048576K
}
Event: 2198.338 GC heap after
{Heap after GC invocations=1985 (full 34):
 PSYoungGen      total 7680K, used 480K [0x00000000eab00000, 0x00000000eb780000, 0x0000000100000000)
  eden space 7168K, 0% used [0x00000000eab00000,0x00000000eab00000,0x00000000eb200000)
  from space 512K, 93% used [0x00000000eb700000,0x00000000eb778288,0x00000000eb780000)
  to   space 1024K, 0% used [0x00000000eb580000,0x00000000eb580000,0x00000000eb680000)
 ParOldGen       total 171520K, used 130252K [0x00000000c0000000, 0x00000000ca780000, 0x00000000eab00000)
  object space 171520K, 75% used [0x00000000c0000000,0x00000000c7f33048,0x00000000ca780000)
 Metaspace       used 93970K, committed 95616K, reserved 1179648K
  class space    used 9731K, committed 10560K, reserved 1048576K
}

