# JRE version: OpenJDK Runtime Environment Temurin-17.0.13+11 (17.0.13+11) (build 17.0.13+11)
# Java VM: OpenJDK 64-Bit Server VM Temurin-17.0.13+11 (17.0.13+11, mixed mode, sharing, tiered, compressed oops, compressed class ptrs, g1 gc, windows-amd64)
GC Precious Log:
 CPUs: 8 total, 8 available
 Memory: 8013M
 Large Page Support: Disabled
 NUMA Support: Disabled
 Compressed Oops: Enabled (32-bit)
 Heap Region Size: 1M
 Heap Min Capacity: 8M
 Heap Initial Capacity: 126M
 Heap Max Capacity: 2004M
 Pre-touch: Disabled
 Parallel Workers: 8
 Concurrent Workers: 2
 Concurrent Refinement Workers: 8
 Periodic GC: Disabled
Heap:
 garbage-first heap   total 58368K, used 32443K [0x0000000082c00000, 0x0000000100000000)
  region size 1024K, 13 young (13312K), 2 survivors (2048K)
 Metaspace       used 51453K, committed 51968K, reserved 1114112K
  class space    used 7020K, committed 7232K, reserved 1048576K
GC Heap History (20 events):
Event: 3.453 GC heap before
{Heap before GC invocations=1 (full 0):
 garbage-first heap   total 129024K, used 29492K [0x0000000082c00000, 0x0000000100000000)
  region size 1024K, 25 young (25600K), 3 survivors (3072K)
 Metaspace       used 12687K, committed 12928K, reserved 1114112K
  class space    used 1564K, committed 1664K, reserved 1048576K
}
Event: 3.459 GC heap after
{Heap after GC invocations=2 (full 0):
 garbage-first heap   total 129024K, used 9673K [0x0000000082c00000, 0x0000000100000000)
  region size 1024K, 2 young (2048K), 2 survivors (2048K)
 Metaspace       used 12687K, committed 12928K, reserved 1114112K
  class space    used 1564K, committed 1664K, reserved 1048576K
}
Event: 4.547 GC heap before
{Heap before GC invocations=2 (full 0):
 garbage-first heap   total 129024K, used 47561K [0x0000000082c00000, 0x0000000100000000)
  region size 1024K, 41 young (41984K), 2 survivors (2048K)
 Metaspace       used 21319K, committed 21504K, reserved 1114112K
  class space    used 2671K, committed 2752K, reserved 1048576K
}
Event: 4.553 GC heap after
{Heap after GC invocations=3 (full 0):
 garbage-first heap   total 129024K, used 12329K [0x0000000082c00000, 0x0000000100000000)
  region size 1024K, 5 young (5120K), 5 survivors (5120K)
 Metaspace       used 21319K, committed 21504K, reserved 1114112K
  class space    used 2671K, committed 2752K, reserved 1048576K
}
Event: 6.070 GC heap before
{Heap before GC invocations=4 (full 0):
 garbage-first heap   total 58368K, used 45097K [0x0000000082c00000, 0x0000000100000000)
  region size 1024K, 38 young (38912K), 5 survivors (5120K)
 Metaspace       used 25136K, committed 25408K, reserved 1114112K
  class space    used 3180K, committed 3328K, reserved 1048576K
}
Event: 6.077 GC heap after
{Heap after GC invocations=5 (full 0):
 garbage-first heap   total 58368K, used 15053K [0x0000000082c00000, 0x0000000100000000)
  region size 1024K, 7 young (7168K), 7 survivors (7168K)
 Metaspace       used 25136K, committed 25408K, reserved 1114112K
  class space    used 3180K, committed 3328K, reserved 1048576K
}
Event: 6.140 GC heap before
{Heap before GC invocations=5 (full 0):
 garbage-first heap   total 58368K, used 16077K [0x0000000082c00000, 0x0000000100000000)
  region size 1024K, 8 young (8192K), 7 survivors (7168K)
 Metaspace       used 25271K, committed 25600K, reserved 1114112K
  class space    used 3198K, committed 3328K, reserved 1048576K
}
Event: 6.148 GC heap after
{Heap after GC invocations=6 (full 0):
 garbage-first heap   total 58368K, used 15739K [0x0000000082c00000, 0x0000000100000000)
  region size 1024K, 1 young (1024K), 1 survivors (1024K)
 Metaspace       used 25271K, committed 25600K, reserved 1114112K
  class space    used 3198K, committed 3328K, reserved 1048576K
}
Event: 8.089 GC heap before
{Heap before GC invocations=6 (full 0):
 garbage-first heap   total 58368K, used 38267K [0x0000000082c00000, 0x0000000100000000)
  region size 1024K, 24 young (24576K), 1 survivors (1024K)
 Metaspace       used 28722K, committed 29056K, reserved 1114112K
  class space    used 3697K, committed 3840K, reserved 1048576K
}
Event: 8.093 GC heap after
{Heap after GC invocations=7 (full 0):
 garbage-first heap   total 58368K, used 16714K [0x0000000082c00000, 0x0000000100000000)
  region size 1024K, 2 young (2048K), 2 survivors (2048K)
 Metaspace       used 28722K, committed 29056K, reserved 1114112K
  class space    used 3697K, committed 3840K, reserved 1048576K
}
Event: 9.258 GC heap before
{Heap before GC invocations=8 (full 0):
 garbage-first heap   total 58368K, used 41290K [0x0000000082c00000, 0x0000000100000000)
  region size 1024K, 26 young (26624K), 2 survivors (2048K)
 Metaspace       used 32221K, committed 32576K, reserved 1114112K
  class space    used 4182K, committed 4352K, reserved 1048576K
}
Event: 9.264 GC heap after
{Heap after GC invocations=9 (full 0):
 garbage-first heap   total 58368K, used 18891K [0x0000000082c00000, 0x0000000100000000)
  region size 1024K, 4 young (4096K), 4 survivors (4096K)
 Metaspace       used 32221K, committed 32576K, reserved 1114112K
  class space    used 4182K, committed 4352K, reserved 1048576K
}
Event: 26.085 GC heap before
{Heap before GC invocations=9 (full 0):
 garbage-first heap   total 58368K, used 42443K [0x0000000082c00000, 0x0000000100000000)
  region size 1024K, 27 young (27648K), 4 survivors (4096K)
 Metaspace       used 36720K, committed 37248K, reserved 1114112K
  class space    used 4690K, committed 4928K, reserved 1048576K
}
Event: 26.095 GC heap after
{Heap after GC invocations=10 (full 0):
 garbage-first heap   total 58368K, used 20785K [0x0000000082c00000, 0x0000000100000000)
  region size 1024K, 2 young (2048K), 2 survivors (2048K)
 Metaspace       used 36720K, committed 37248K, reserved 1114112K
  class space    used 4690K, committed 4928K, reserved 1048576K
}
Event: 29.555 GC heap before
{Heap before GC invocations=10 (full 0):
 garbage-first heap   total 58368K, used 43313K [0x0000000082c00000, 0x0000000100000000)
  region size 1024K, 24 young (24576K), 2 survivors (2048K)
 Metaspace       used 42217K, committed 42688K, reserved 1114112K
  class space    used 5592K, committed 5824K, reserved 1048576K
}
Event: 29.564 GC heap after
{Heap after GC invocations=11 (full 0):
 garbage-first heap   total 58368K, used 22024K [0x0000000082c00000, 0x0000000100000000)
  region size 1024K, 2 young (2048K), 2 survivors (2048K)
 Metaspace       used 42217K, committed 42688K, reserved 1114112K
  class space    used 5592K, committed 5824K, reserved 1048576K
}
Event: 31.148 GC heap before
{Heap before GC invocations=11 (full 0):
 garbage-first heap   total 58368K, used 43528K [0x0000000082c00000, 0x0000000100000000)
  region size 1024K, 23 young (23552K), 2 survivors (2048K)
 Metaspace       used 46991K, committed 47424K, reserved 1114112K
  class space    used 6207K, committed 6400K, reserved 1048576K
}
Event: 31.153 GC heap after
{Heap after GC invocations=12 (full 0):
 garbage-first heap   total 58368K, used 23000K [0x0000000082c00000, 0x0000000100000000)
  region size 1024K, 3 young (3072K), 3 survivors (3072K)
 Metaspace       used 46991K, committed 47424K, reserved 1114112K
  class space    used 6207K, committed 6400K, reserved 1048576K
}
Event: 31.526 GC heap before
{Heap before GC invocations=12 (full 0):
 garbage-first heap   total 58368K, used 25048K [0x0000000082c00000, 0x0000000100000000)
  region size 1024K, 7 young (7168K), 3 survivors (3072K)
 Metaspace       used 48142K, committed 48576K, reserved 1114112K
  class space    used 6357K, committed 6592K, reserved 1048576K
}
Event: 31.533 GC heap after
{Heap after GC invocations=13 (full 0):
 garbage-first heap   total 58368K, used 23227K [0x0000000082c00000, 0x0000000100000000)
  region size 1024K, 2 young (2048K), 2 survivors (2048K)
 Metaspace       used 48142K, committed 48576K, reserved 1114112K
  class space    used 6357K, committed 6592K, reserved 1048576K
}

